[2024-07-16T01:41:36.880+0000] {local_task_job_runner.py:120} INFO - ::group::Pre task execution logs
[2024-07-16T01:41:37.191+0000] {taskinstance.py:2076} INFO - Dependencies all met for dep_context=non-requeueable deps ti=<TaskInstance: etl_reddit_pipeline.reddit_extraction scheduled__2024-07-15T00:00:00+00:00 [queued]>
[2024-07-16T01:41:37.231+0000] {taskinstance.py:2076} INFO - Dependencies all met for dep_context=requeueable deps ti=<TaskInstance: etl_reddit_pipeline.reddit_extraction scheduled__2024-07-15T00:00:00+00:00 [queued]>
[2024-07-16T01:41:37.252+0000] {taskinstance.py:2306} INFO - Starting attempt 1 of 1
[2024-07-16T01:41:37.322+0000] {taskinstance.py:2330} INFO - Executing <Task(PythonOperator): reddit_extraction> on 2024-07-15 00:00:00+00:00
[2024-07-16T01:41:37.344+0000] {standard_task_runner.py:63} INFO - Started process 59 to run task
[2024-07-16T01:41:37.353+0000] {standard_task_runner.py:90} INFO - Running: ['airflow', 'tasks', 'run', 'etl_reddit_pipeline', 'reddit_extraction', 'scheduled__2024-07-15T00:00:00+00:00', '--job-id', '5', '--raw', '--subdir', 'DAGS_FOLDER/reddit_dag.py', '--cfg-path', '/tmp/tmpd4p3g6u8']
[2024-07-16T01:41:37.377+0000] {standard_task_runner.py:91} INFO - Job 5: Subtask reddit_extraction
[2024-07-16T01:41:37.918+0000] {task_command.py:426} INFO - Running <TaskInstance: etl_reddit_pipeline.reddit_extraction scheduled__2024-07-15T00:00:00+00:00 [running]> on host 24908e986cc7
[2024-07-16T01:41:38.329+0000] {taskinstance.py:2648} INFO - Exporting env vars: AIRFLOW_CTX_DAG_OWNER='Indrajit Ghosh' AIRFLOW_CTX_DAG_ID='etl_reddit_pipeline' AIRFLOW_CTX_TASK_ID='reddit_extraction' AIRFLOW_CTX_EXECUTION_DATE='2024-07-15T00:00:00+00:00' AIRFLOW_CTX_TRY_NUMBER='1' AIRFLOW_CTX_DAG_RUN_ID='scheduled__2024-07-15T00:00:00+00:00'
[2024-07-16T01:41:38.341+0000] {taskinstance.py:430} INFO - ::endgroup::
[2024-07-16T01:41:38.748+0000] {logging_mixin.py:188} INFO - connected to reddit!
[2024-07-16T01:41:40.114+0000] {python.py:237} INFO - Done. Returned value was: /opt/airflow/data/output/reddit_20240716.csv
[2024-07-16T01:41:40.116+0000] {taskinstance.py:441} INFO - ::group::Post task execution logs
[2024-07-16T01:41:40.177+0000] {taskinstance.py:1206} INFO - Marking task as SUCCESS. dag_id=etl_reddit_pipeline, task_id=reddit_extraction, run_id=scheduled__2024-07-15T00:00:00+00:00, execution_date=20240715T000000, start_date=20240716T014137, end_date=20240716T014140
[2024-07-16T01:41:40.296+0000] {local_task_job_runner.py:240} INFO - Task exited with return code 0
[2024-07-16T01:41:40.341+0000] {taskinstance.py:3503} INFO - 0 downstream tasks scheduled from follow-on schedule check
[2024-07-16T01:41:40.354+0000] {local_task_job_runner.py:222} INFO - ::endgroup::
[2024-07-16T03:28:52.121+0000] {local_task_job_runner.py:120} INFO - ::group::Pre task execution logs
[2024-07-16T03:28:52.146+0000] {taskinstance.py:2076} INFO - Dependencies all met for dep_context=non-requeueable deps ti=<TaskInstance: etl_reddit_pipeline.reddit_extraction scheduled__2024-07-15T00:00:00+00:00 [queued]>
[2024-07-16T03:28:52.153+0000] {taskinstance.py:2076} INFO - Dependencies all met for dep_context=requeueable deps ti=<TaskInstance: etl_reddit_pipeline.reddit_extraction scheduled__2024-07-15T00:00:00+00:00 [queued]>
[2024-07-16T03:28:52.154+0000] {taskinstance.py:2306} INFO - Starting attempt 1 of 1
[2024-07-16T03:28:52.169+0000] {taskinstance.py:2330} INFO - Executing <Task(PythonOperator): reddit_extraction> on 2024-07-15 00:00:00+00:00
[2024-07-16T03:28:52.175+0000] {standard_task_runner.py:63} INFO - Started process 50 to run task
[2024-07-16T03:28:52.180+0000] {standard_task_runner.py:90} INFO - Running: ['airflow', 'tasks', 'run', 'etl_reddit_pipeline', 'reddit_extraction', 'scheduled__2024-07-15T00:00:00+00:00', '--job-id', '2', '--raw', '--subdir', 'DAGS_FOLDER/reddit_dag.py', '--cfg-path', '/tmp/tmp2h53475i']
[2024-07-16T03:28:52.183+0000] {standard_task_runner.py:91} INFO - Job 2: Subtask reddit_extraction
[2024-07-16T03:28:52.237+0000] {task_command.py:426} INFO - Running <TaskInstance: etl_reddit_pipeline.reddit_extraction scheduled__2024-07-15T00:00:00+00:00 [running]> on host 75f6a6bec476
[2024-07-16T03:28:52.318+0000] {taskinstance.py:2648} INFO - Exporting env vars: AIRFLOW_CTX_DAG_OWNER='Indrajit Ghosh' AIRFLOW_CTX_DAG_ID='etl_reddit_pipeline' AIRFLOW_CTX_TASK_ID='reddit_extraction' AIRFLOW_CTX_EXECUTION_DATE='2024-07-15T00:00:00+00:00' AIRFLOW_CTX_TRY_NUMBER='1' AIRFLOW_CTX_DAG_RUN_ID='scheduled__2024-07-15T00:00:00+00:00'
[2024-07-16T03:28:52.319+0000] {taskinstance.py:430} INFO - ::endgroup::
[2024-07-16T03:28:52.438+0000] {logging_mixin.py:188} INFO - connected to reddit!
[2024-07-16T03:28:53.151+0000] {python.py:237} INFO - Done. Returned value was: /opt/airflow/data/output/reddit_20240716.csv
[2024-07-16T03:28:53.151+0000] {taskinstance.py:441} INFO - ::group::Post task execution logs
[2024-07-16T03:28:53.178+0000] {taskinstance.py:1206} INFO - Marking task as SUCCESS. dag_id=etl_reddit_pipeline, task_id=reddit_extraction, run_id=scheduled__2024-07-15T00:00:00+00:00, execution_date=20240715T000000, start_date=20240716T032852, end_date=20240716T032853
[2024-07-16T03:28:53.240+0000] {local_task_job_runner.py:240} INFO - Task exited with return code 0
[2024-07-16T03:28:53.277+0000] {taskinstance.py:3503} INFO - 1 downstream tasks scheduled from follow-on schedule check
[2024-07-16T03:28:53.281+0000] {local_task_job_runner.py:222} INFO - ::endgroup::
